2018-10-05 17:59:15,164 - Log4JLogChute initialized using file 'velocity.log'
2018-10-05 17:59:15,164 - Initializing Velocity, Calling init()...
2018-10-05 17:59:15,164 - Starting Apache Velocity v1.7 (compiled: 2010-11-19 12:14:37)
2018-10-05 17:59:15,164 - Default Properties File: org\apache\velocity\runtime\defaults\velocity.properties
2018-10-05 17:59:15,164 - Trying to use logger class org.apache.velocity.runtime.log.AvalonLogChute
2018-10-05 17:59:15,164 - Target log system for org.apache.velocity.runtime.log.AvalonLogChute is not available (java.lang.NoClassDefFoundError: org/apache/log/format/Formatter).  Falling back to next log system...
2018-10-05 17:59:15,164 - Trying to use logger class org.apache.velocity.runtime.log.Log4JLogChute
2018-10-05 17:59:15,164 - Using logger class org.apache.velocity.runtime.log.Log4JLogChute
2018-10-05 17:59:15,164 - ResourceLoader instantiated: org.apache.velocity.runtime.resource.loader.ClasspathResourceLoader
2018-10-05 17:59:15,258 - ResourceCache: initialized (class org.apache.velocity.runtime.resource.ResourceCacheImpl) with class java.util.Collections$SynchronizedMap cache map.
2018-10-05 17:59:15,273 - Loaded System Directive: org.apache.velocity.runtime.directive.Stop
2018-10-05 17:59:15,289 - Loaded System Directive: org.apache.velocity.runtime.directive.Define
2018-10-05 17:59:15,304 - Loaded System Directive: org.apache.velocity.runtime.directive.Break
2018-10-05 17:59:15,304 - Loaded System Directive: org.apache.velocity.runtime.directive.Evaluate
2018-10-05 17:59:15,336 - Loaded System Directive: org.apache.velocity.runtime.directive.Literal
2018-10-05 17:59:15,336 - Loaded System Directive: org.apache.velocity.runtime.directive.Macro
2018-10-05 17:59:15,367 - Loaded System Directive: org.apache.velocity.runtime.directive.Parse
2018-10-05 17:59:15,367 - Loaded System Directive: org.apache.velocity.runtime.directive.Include
2018-10-05 17:59:15,367 - Loaded System Directive: org.apache.velocity.runtime.directive.Foreach
2018-10-05 17:59:15,563 - Created '20' parsers.
2018-10-05 17:59:15,594 - Velocimacro : "velocimacro.library" is not set.  Trying default library: VM_global_library.vm
2018-10-05 17:59:15,594 - Could not load resource 'VM_global_library.vm' from ResourceLoader org.apache.velocity.runtime.resource.loader.ClasspathResourceLoader: ClasspathResourceLoader Error: cannot find resource VM_global_library.vm
2018-10-05 17:59:15,594 - Velocimacro : Default library not found.
2018-10-05 17:59:15,594 - Velocimacro : allowInline = true : VMs can be defined inline in templates
2018-10-05 17:59:15,594 - Velocimacro : allowInlineToOverride = false : VMs defined inline may NOT replace previous VM definitions
2018-10-05 17:59:15,594 - Velocimacro : allowInlineLocal = false : VMs defined inline will be global in scope if allowed.
2018-10-05 17:59:15,594 - Velocimacro : autoload off : VM system will not automatically reload global library macros
2018-10-05 17:59:15,643 - ResourceManager : found /templates/mapper.xml.vm with loader org.apache.velocity.runtime.resource.loader.ClasspathResourceLoader
2018-10-05 17:59:15,846 - ResourceManager : found /templates/entity.java.vm with loader org.apache.velocity.runtime.resource.loader.ClasspathResourceLoader
2018-10-05 17:59:15,846 - Left side (${versionFieldName}) of '==' operation has null value. If it is a reference, it may not be in the context or its toString() returned null. /templates/entity.java.vm[line 76, column 26]
2018-10-05 17:59:15,846 - Left side (${logicDeleteFieldName}) of '==' operation has null value. If it is a reference, it may not be in the context or its toString() returned null. /templates/entity.java.vm[line 80, column 30]
2018-10-05 17:59:15,846 - Left side (${versionFieldName}) of '==' operation has null value. If it is a reference, it may not be in the context or its toString() returned null. /templates/entity.java.vm[line 76, column 26]
2018-10-05 17:59:15,846 - Left side (${logicDeleteFieldName}) of '==' operation has null value. If it is a reference, it may not be in the context or its toString() returned null. /templates/entity.java.vm[line 80, column 30]
2018-10-05 17:59:15,861 - Left side (${versionFieldName}) of '==' operation has null value. If it is a reference, it may not be in the context or its toString() returned null. /templates/entity.java.vm[line 76, column 26]
2018-10-05 17:59:15,861 - Left side (${logicDeleteFieldName}) of '==' operation has null value. If it is a reference, it may not be in the context or its toString() returned null. /templates/entity.java.vm[line 80, column 30]
2018-10-05 17:59:15,861 - Left side (${versionFieldName}) of '==' operation has null value. If it is a reference, it may not be in the context or its toString() returned null. /templates/entity.java.vm[line 76, column 26]
2018-10-05 17:59:15,861 - Left side (${logicDeleteFieldName}) of '==' operation has null value. If it is a reference, it may not be in the context or its toString() returned null. /templates/entity.java.vm[line 80, column 30]
2018-10-05 17:59:15,861 - Left side (${versionFieldName}) of '==' operation has null value. If it is a reference, it may not be in the context or its toString() returned null. /templates/entity.java.vm[line 76, column 26]
2018-10-05 17:59:15,861 - Left side (${logicDeleteFieldName}) of '==' operation has null value. If it is a reference, it may not be in the context or its toString() returned null. /templates/entity.java.vm[line 80, column 30]
2018-10-05 17:59:15,861 - Left side (${versionFieldName}) of '==' operation has null value. If it is a reference, it may not be in the context or its toString() returned null. /templates/entity.java.vm[line 76, column 26]
2018-10-05 17:59:15,861 - Left side (${logicDeleteFieldName}) of '==' operation has null value. If it is a reference, it may not be in the context or its toString() returned null. /templates/entity.java.vm[line 80, column 30]
2018-10-05 17:59:15,861 - Left side (${versionFieldName}) of '==' operation has null value. If it is a reference, it may not be in the context or its toString() returned null. /templates/entity.java.vm[line 76, column 26]
2018-10-05 17:59:15,861 - Left side (${logicDeleteFieldName}) of '==' operation has null value. If it is a reference, it may not be in the context or its toString() returned null. /templates/entity.java.vm[line 80, column 30]
2018-10-05 17:59:15,861 - Left side (${versionFieldName}) of '==' operation has null value. If it is a reference, it may not be in the context or its toString() returned null. /templates/entity.java.vm[line 76, column 26]
2018-10-05 17:59:15,861 - Left side (${logicDeleteFieldName}) of '==' operation has null value. If it is a reference, it may not be in the context or its toString() returned null. /templates/entity.java.vm[line 80, column 30]
2018-10-05 17:59:15,861 - Left side (${versionFieldName}) of '==' operation has null value. If it is a reference, it may not be in the context or its toString() returned null. /templates/entity.java.vm[line 76, column 26]
2018-10-05 17:59:15,861 - Left side (${logicDeleteFieldName}) of '==' operation has null value. If it is a reference, it may not be in the context or its toString() returned null. /templates/entity.java.vm[line 80, column 30]
2018-10-05 17:59:15,861 - Left side (${versionFieldName}) of '==' operation has null value. If it is a reference, it may not be in the context or its toString() returned null. /templates/entity.java.vm[line 76, column 26]
2018-10-05 17:59:15,861 - Left side (${logicDeleteFieldName}) of '==' operation has null value. If it is a reference, it may not be in the context or its toString() returned null. /templates/entity.java.vm[line 80, column 30]
2018-10-05 17:59:15,861 - Left side (${versionFieldName}) of '==' operation has null value. If it is a reference, it may not be in the context or its toString() returned null. /templates/entity.java.vm[line 76, column 26]
2018-10-05 17:59:15,861 - Left side (${logicDeleteFieldName}) of '==' operation has null value. If it is a reference, it may not be in the context or its toString() returned null. /templates/entity.java.vm[line 80, column 30]
2018-10-05 17:59:15,861 - Left side (${versionFieldName}) of '==' operation has null value. If it is a reference, it may not be in the context or its toString() returned null. /templates/entity.java.vm[line 76, column 26]
2018-10-05 17:59:15,861 - Left side (${logicDeleteFieldName}) of '==' operation has null value. If it is a reference, it may not be in the context or its toString() returned null. /templates/entity.java.vm[line 80, column 30]
2018-10-05 17:59:15,861 - ResourceManager : found /templates/mapper.java.vm with loader org.apache.velocity.runtime.resource.loader.ClasspathResourceLoader
2018-10-05 17:59:15,861 - ResourceManager : found /templates/service.java.vm with loader org.apache.velocity.runtime.resource.loader.ClasspathResourceLoader
2018-10-05 17:59:15,877 - ResourceManager : found /templates/serviceImpl.java.vm with loader org.apache.velocity.runtime.resource.loader.ClasspathResourceLoader
2018-10-05 17:59:15,877 - ResourceManager : found /templates/controller.java.vm with loader org.apache.velocity.runtime.resource.loader.ClasspathResourceLoader
2018-10-05 18:22:00,932 - Log4JLogChute initialized using file 'velocity.log'
2018-10-05 18:22:00,932 - Initializing Velocity, Calling init()...
2018-10-05 18:22:00,932 - Starting Apache Velocity v1.7 (compiled: 2010-11-19 12:14:37)
2018-10-05 18:22:00,932 - Default Properties File: org\apache\velocity\runtime\defaults\velocity.properties
2018-10-05 18:22:00,932 - Trying to use logger class org.apache.velocity.runtime.log.AvalonLogChute
2018-10-05 18:22:00,932 - Target log system for org.apache.velocity.runtime.log.AvalonLogChute is not available (java.lang.NoClassDefFoundError: org/apache/log/format/Formatter).  Falling back to next log system...
2018-10-05 18:22:00,932 - Trying to use logger class org.apache.velocity.runtime.log.Log4JLogChute
2018-10-05 18:22:00,932 - Using logger class org.apache.velocity.runtime.log.Log4JLogChute
2018-10-05 18:22:00,948 - ResourceLoader instantiated: org.apache.velocity.runtime.resource.loader.ClasspathResourceLoader
2018-10-05 18:22:00,979 - ResourceCache: initialized (class org.apache.velocity.runtime.resource.ResourceCacheImpl) with class java.util.Collections$SynchronizedMap cache map.
2018-10-05 18:22:00,994 - Loaded System Directive: org.apache.velocity.runtime.directive.Stop
2018-10-05 18:22:00,994 - Loaded System Directive: org.apache.velocity.runtime.directive.Define
2018-10-05 18:22:00,994 - Loaded System Directive: org.apache.velocity.runtime.directive.Break
2018-10-05 18:22:00,994 - Loaded System Directive: org.apache.velocity.runtime.directive.Evaluate
2018-10-05 18:22:00,994 - Loaded System Directive: org.apache.velocity.runtime.directive.Literal
2018-10-05 18:22:00,994 - Loaded System Directive: org.apache.velocity.runtime.directive.Macro
2018-10-05 18:22:01,010 - Loaded System Directive: org.apache.velocity.runtime.directive.Parse
2018-10-05 18:22:01,010 - Loaded System Directive: org.apache.velocity.runtime.directive.Include
2018-10-05 18:22:01,010 - Loaded System Directive: org.apache.velocity.runtime.directive.Foreach
2018-10-05 18:22:01,088 - Created '20' parsers.
2018-10-05 18:22:01,104 - Velocimacro : "velocimacro.library" is not set.  Trying default library: VM_global_library.vm
2018-10-05 18:22:01,104 - Could not load resource 'VM_global_library.vm' from ResourceLoader org.apache.velocity.runtime.resource.loader.ClasspathResourceLoader: ClasspathResourceLoader Error: cannot find resource VM_global_library.vm
2018-10-05 18:22:01,104 - Velocimacro : Default library not found.
2018-10-05 18:22:01,104 - Velocimacro : allowInline = true : VMs can be defined inline in templates
2018-10-05 18:22:01,104 - Velocimacro : allowInlineToOverride = false : VMs defined inline may NOT replace previous VM definitions
2018-10-05 18:22:01,104 - Velocimacro : allowInlineLocal = false : VMs defined inline will be global in scope if allowed.
2018-10-05 18:22:01,104 - Velocimacro : autoload off : VM system will not automatically reload global library macros
2018-10-05 18:22:01,150 - ResourceManager : found /templates/mapper.xml.vm with loader org.apache.velocity.runtime.resource.loader.ClasspathResourceLoader
2018-10-05 18:22:01,197 - ResourceManager : found /templates/entity.java.vm with loader org.apache.velocity.runtime.resource.loader.ClasspathResourceLoader
2018-10-05 18:22:01,197 - Left side (${versionFieldName}) of '==' operation has null value. If it is a reference, it may not be in the context or its toString() returned null. /templates/entity.java.vm[line 76, column 26]
2018-10-05 18:22:01,197 - Left side (${logicDeleteFieldName}) of '==' operation has null value. If it is a reference, it may not be in the context or its toString() returned null. /templates/entity.java.vm[line 80, column 30]
2018-10-05 18:22:01,213 - Left side (${versionFieldName}) of '==' operation has null value. If it is a reference, it may not be in the context or its toString() returned null. /templates/entity.java.vm[line 76, column 26]
2018-10-05 18:22:01,213 - Left side (${logicDeleteFieldName}) of '==' operation has null value. If it is a reference, it may not be in the context or its toString() returned null. /templates/entity.java.vm[line 80, column 30]
2018-10-05 18:22:01,213 - Left side (${versionFieldName}) of '==' operation has null value. If it is a reference, it may not be in the context or its toString() returned null. /templates/entity.java.vm[line 76, column 26]
2018-10-05 18:22:01,213 - Left side (${logicDeleteFieldName}) of '==' operation has null value. If it is a reference, it may not be in the context or its toString() returned null. /templates/entity.java.vm[line 80, column 30]
2018-10-05 18:22:01,213 - Left side (${versionFieldName}) of '==' operation has null value. If it is a reference, it may not be in the context or its toString() returned null. /templates/entity.java.vm[line 76, column 26]
2018-10-05 18:22:01,213 - Left side (${logicDeleteFieldName}) of '==' operation has null value. If it is a reference, it may not be in the context or its toString() returned null. /templates/entity.java.vm[line 80, column 30]
2018-10-05 18:22:01,213 - Left side (${versionFieldName}) of '==' operation has null value. If it is a reference, it may not be in the context or its toString() returned null. /templates/entity.java.vm[line 76, column 26]
2018-10-05 18:22:01,213 - Left side (${logicDeleteFieldName}) of '==' operation has null value. If it is a reference, it may not be in the context or its toString() returned null. /templates/entity.java.vm[line 80, column 30]
2018-10-05 18:22:01,213 - Left side (${versionFieldName}) of '==' operation has null value. If it is a reference, it may not be in the context or its toString() returned null. /templates/entity.java.vm[line 76, column 26]
2018-10-05 18:22:01,213 - Left side (${logicDeleteFieldName}) of '==' operation has null value. If it is a reference, it may not be in the context or its toString() returned null. /templates/entity.java.vm[line 80, column 30]
2018-10-05 18:22:01,213 - ResourceManager : found /templates/mapper.java.vm with loader org.apache.velocity.runtime.resource.loader.ClasspathResourceLoader
2018-10-05 18:22:01,228 - ResourceManager : found /templates/service.java.vm with loader org.apache.velocity.runtime.resource.loader.ClasspathResourceLoader
2018-10-05 18:22:01,244 - ResourceManager : found /templates/serviceImpl.java.vm with loader org.apache.velocity.runtime.resource.loader.ClasspathResourceLoader
2018-10-05 18:22:01,260 - ResourceManager : found /templates/controller.java.vm with loader org.apache.velocity.runtime.resource.loader.ClasspathResourceLoader
2018-12-09 22:05:39,452 - Log4JLogChute initialized using file 'velocity.log'
2018-12-09 22:05:39,464 - Initializing Velocity, Calling init()...
2018-12-09 22:05:39,464 - Starting Apache Velocity v1.7 (compiled: 2010-11-19 12:14:37)
2018-12-09 22:05:39,464 - Default Properties File: org\apache\velocity\runtime\defaults\velocity.properties
2018-12-09 22:05:39,464 - Trying to use logger class org.apache.velocity.runtime.log.AvalonLogChute
2018-12-09 22:05:39,464 - Target log system for org.apache.velocity.runtime.log.AvalonLogChute is not available (java.lang.NoClassDefFoundError: org/apache/log/format/Formatter).  Falling back to next log system...
2018-12-09 22:05:39,464 - Trying to use logger class org.apache.velocity.runtime.log.Log4JLogChute
2018-12-09 22:05:39,464 - Using logger class org.apache.velocity.runtime.log.Log4JLogChute
2018-12-09 22:05:39,479 - ResourceLoader instantiated: org.apache.velocity.runtime.resource.loader.ClasspathResourceLoader
2018-12-09 22:05:39,520 - ResourceCache: initialized (class org.apache.velocity.runtime.resource.ResourceCacheImpl) with class java.util.Collections$SynchronizedMap cache map.
2018-12-09 22:05:39,522 - Loaded System Directive: org.apache.velocity.runtime.directive.Stop
2018-12-09 22:05:39,526 - Loaded System Directive: org.apache.velocity.runtime.directive.Define
2018-12-09 22:05:39,527 - Loaded System Directive: org.apache.velocity.runtime.directive.Break
2018-12-09 22:05:39,533 - Loaded System Directive: org.apache.velocity.runtime.directive.Evaluate
2018-12-09 22:05:39,534 - Loaded System Directive: org.apache.velocity.runtime.directive.Literal
2018-12-09 22:05:39,537 - Loaded System Directive: org.apache.velocity.runtime.directive.Macro
2018-12-09 22:05:39,547 - Loaded System Directive: org.apache.velocity.runtime.directive.Parse
2018-12-09 22:05:39,549 - Loaded System Directive: org.apache.velocity.runtime.directive.Include
2018-12-09 22:05:39,552 - Loaded System Directive: org.apache.velocity.runtime.directive.Foreach
2018-12-09 22:05:39,645 - Created '20' parsers.
2018-12-09 22:05:39,663 - Velocimacro : "velocimacro.library" is not set.  Trying default library: VM_global_library.vm
2018-12-09 22:05:39,664 - Could not load resource 'VM_global_library.vm' from ResourceLoader org.apache.velocity.runtime.resource.loader.ClasspathResourceLoader: ClasspathResourceLoader Error: cannot find resource VM_global_library.vm
2018-12-09 22:05:39,665 - Velocimacro : Default library not found.
2018-12-09 22:05:39,665 - Velocimacro : allowInline = true : VMs can be defined inline in templates
2018-12-09 22:05:39,665 - Velocimacro : allowInlineToOverride = false : VMs defined inline may NOT replace previous VM definitions
2018-12-09 22:05:39,665 - Velocimacro : allowInlineLocal = false : VMs defined inline will be global in scope if allowed.
2018-12-09 22:05:39,665 - Velocimacro : autoload off : VM system will not automatically reload global library macros
2018-12-09 22:05:39,715 - ResourceManager : found /templates/mapper.xml.vm with loader org.apache.velocity.runtime.resource.loader.ClasspathResourceLoader
2018-12-09 22:05:39,786 - ResourceManager : found /templates/entity.java.vm with loader org.apache.velocity.runtime.resource.loader.ClasspathResourceLoader
2018-12-09 22:05:39,796 - Left side (${versionFieldName}) of '==' operation has null value. If it is a reference, it may not be in the context or its toString() returned null. /templates/entity.java.vm[line 76, column 26]
2018-12-09 22:05:39,797 - Left side (${logicDeleteFieldName}) of '==' operation has null value. If it is a reference, it may not be in the context or its toString() returned null. /templates/entity.java.vm[line 80, column 30]
2018-12-09 22:05:39,797 - Left side (${versionFieldName}) of '==' operation has null value. If it is a reference, it may not be in the context or its toString() returned null. /templates/entity.java.vm[line 76, column 26]
2018-12-09 22:05:39,797 - Left side (${logicDeleteFieldName}) of '==' operation has null value. If it is a reference, it may not be in the context or its toString() returned null. /templates/entity.java.vm[line 80, column 30]
2018-12-09 22:05:39,797 - Left side (${versionFieldName}) of '==' operation has null value. If it is a reference, it may not be in the context or its toString() returned null. /templates/entity.java.vm[line 76, column 26]
2018-12-09 22:05:39,798 - Left side (${logicDeleteFieldName}) of '==' operation has null value. If it is a reference, it may not be in the context or its toString() returned null. /templates/entity.java.vm[line 80, column 30]
2018-12-09 22:05:39,799 - Left side (${versionFieldName}) of '==' operation has null value. If it is a reference, it may not be in the context or its toString() returned null. /templates/entity.java.vm[line 76, column 26]
2018-12-09 22:05:39,799 - Left side (${logicDeleteFieldName}) of '==' operation has null value. If it is a reference, it may not be in the context or its toString() returned null. /templates/entity.java.vm[line 80, column 30]
2018-12-09 22:05:39,799 - Left side (${versionFieldName}) of '==' operation has null value. If it is a reference, it may not be in the context or its toString() returned null. /templates/entity.java.vm[line 76, column 26]
2018-12-09 22:05:39,799 - Left side (${logicDeleteFieldName}) of '==' operation has null value. If it is a reference, it may not be in the context or its toString() returned null. /templates/entity.java.vm[line 80, column 30]
2018-12-09 22:05:39,799 - Left side (${versionFieldName}) of '==' operation has null value. If it is a reference, it may not be in the context or its toString() returned null. /templates/entity.java.vm[line 76, column 26]
2018-12-09 22:05:39,800 - Left side (${logicDeleteFieldName}) of '==' operation has null value. If it is a reference, it may not be in the context or its toString() returned null. /templates/entity.java.vm[line 80, column 30]
2018-12-09 22:05:39,800 - Left side (${versionFieldName}) of '==' operation has null value. If it is a reference, it may not be in the context or its toString() returned null. /templates/entity.java.vm[line 76, column 26]
2018-12-09 22:05:39,800 - Left side (${logicDeleteFieldName}) of '==' operation has null value. If it is a reference, it may not be in the context or its toString() returned null. /templates/entity.java.vm[line 80, column 30]
2018-12-09 22:05:39,805 - ResourceManager : found /templates/mapper.java.vm with loader org.apache.velocity.runtime.resource.loader.ClasspathResourceLoader
2018-12-09 22:05:39,810 - ResourceManager : found /templates/service.java.vm with loader org.apache.velocity.runtime.resource.loader.ClasspathResourceLoader
2018-12-09 22:05:39,816 - ResourceManager : found /templates/serviceImpl.java.vm with loader org.apache.velocity.runtime.resource.loader.ClasspathResourceLoader
2018-12-09 22:05:39,824 - ResourceManager : found /templates/controller.java.vm with loader org.apache.velocity.runtime.resource.loader.ClasspathResourceLoader
